<?xml version="1.0" encoding="UTF-8"?>
<!-- Generated by org.testng.reporters.JUnitReportReporter -->
<testsuite skipped="0" hostname="Mariappans-MBP" name="com.Myobservatory.qa.testcases.HomePageTest" tests="1" failures="0" timestamp="08 May 2018 16:40:20 GMT" time="35.425" errors="0">
  <testcase name="daysforecast" time="35.425" classname="com.Myobservatory.qa.testcases.HomePageTest"/>
</testsuite> <!-- com.Myobservatory.qa.testcases.HomePageTest -->
