<?xml version="1.0" encoding="UTF-8"?>
<!-- Generated by org.testng.reporters.JUnitReportReporter -->
<testsuite skipped="0" hostname="Mariappans-MBP" name="com.Myobservatory.qa.testcases.StationListPageTest" tests="1" failures="0" timestamp="08 May 2018 16:32:52 GMT" time="36.633" errors="0">
  <testcase name="validatextrastation" time="36.633" classname="com.Myobservatory.qa.testcases.StationListPageTest"/>
</testsuite> <!-- com.Myobservatory.qa.testcases.StationListPageTest -->
